proguard/seeds.txt
com.example.iphonereborn.R$anim: int abc_fade_in
com.example.iphonereborn.R$anim: int abc_fade_out
com.example.iphonereborn.R$anim: int abc_slide_in_bottom
com.example.iphonereborn.R$anim: int abc_slide_in_top
com.example.iphonereborn.R$anim: int abc_slide_out_bottom
com.example.iphonereborn.R$anim: int abc_slide_out_top
com.example.iphonereborn.R$anim: int fade
com.example.iphonereborn.R$anim: int hold
com.example.iphonereborn.R$anim: int hyperspace_in
com.example.iphonereborn.R$anim: int hyperspace_out
com.example.iphonereborn.R$anim: int push_left_in
com.example.iphonereborn.R$anim: int push_left_out
com.example.iphonereborn.R$anim: int push_top_in
com.example.iphonereborn.R$anim: int push_top_out
com.example.iphonereborn.R$anim: int push_up_in
com.example.iphonereborn.R$anim: int push_up_out
com.example.iphonereborn.R$array: int values
com.example.iphonereborn.R$attr: int actionBarDivider
com.example.iphonereborn.R$attr: int actionBarItemBackground
com.example.iphonereborn.R$attr: int actionBarSize
com.example.iphonereborn.R$attr: int actionBarSplitStyle
com.example.iphonereborn.R$attr: int actionBarStyle
com.example.iphonereborn.R$attr: int actionBarTabBarStyle
com.example.iphonereborn.R$attr: int actionBarTabStyle
com.example.iphonereborn.R$attr: int actionBarTabTextStyle
com.example.iphonereborn.R$attr: int actionBarWidgetTheme
com.example.iphonereborn.R$attr: int actionButtonStyle
com.example.iphonereborn.R$attr: int actionDropDownStyle
com.example.iphonereborn.R$attr: int actionLayout
com.example.iphonereborn.R$attr: int actionMenuTextAppearance
com.example.iphonereborn.R$attr: int actionMenuTextColor
com.example.iphonereborn.R$attr: int actionModeBackground
com.example.iphonereborn.R$attr: int actionModeCloseButtonStyle
com.example.iphonereborn.R$attr: int actionModeCloseDrawable
com.example.iphonereborn.R$attr: int actionModeCopyDrawable
com.example.iphonereborn.R$attr: int actionModeCutDrawable
com.example.iphonereborn.R$attr: int actionModeFindDrawable
com.example.iphonereborn.R$attr: int actionModePasteDrawable
com.example.iphonereborn.R$attr: int actionModePopupWindowStyle
com.example.iphonereborn.R$attr: int actionModeSelectAllDrawable
com.example.iphonereborn.R$attr: int actionModeShareDrawable
com.example.iphonereborn.R$attr: int actionModeSplitBackground
com.example.iphonereborn.R$bool: int abc_action_bar_embed_tabs_pre_jb
com.example.iphonereborn.R$bool: int abc_action_bar_expanded_action_views_exclusive
com.example.iphonereborn.R$bool: int abc_config_actionMenuItemAllCaps
com.example.iphonereborn.R$bool: int abc_config_allowActionMenuItemTextWithIcon
com.example.iphonereborn.R$bool: int abc_config_showMenuShortcutsWhenKeyboardPresent
com.example.iphonereborn.R$bool: int abc_split_action_bar_is_narrow
com.example.iphonereborn.R$color: int abc_search_url_text_holo
com.example.iphonereborn.R$color: int abc_search_url_text_normal
com.example.iphonereborn.R$color: int abc_search_url_text_pressed
com.example.iphonereborn.R$color: int abc_search_url_text_selected
com.example.iphonereborn.R$color: int action_bar_background_color
com.example.iphonereborn.R$color: int app_wall_under_line_color
com.example.iphonereborn.R$color: int normal_day
com.example.iphonereborn.R$color: int ratingbar_star_color
com.example.iphonereborn.R$color: int selected_calendar_text
com.example.iphonereborn.R$color: int selected_camera_text
com.example.iphonereborn.R$color: int selected_day_background
com.example.iphonereborn.R$color: int selected_day_text
com.example.iphonereborn.R$color: int selected_music_text
com.example.iphonereborn.R$color: int selected_photo_text
com.example.iphonereborn.R$color: int translucent_background_color
com.example.iphonereborn.R$color: int unselected_calendar_text
com.example.iphonereborn.R$color: int unselected_camera_text
...
android.support.v4.view.accessibility.AccessibilityEventCompat$AccessibilityEventStubImpl
android.support.v4.view.accessibility.AccessibilityEventCompat$AccessibilityEventStubImpl: AccessibilityEventCompat$AccessibilityEventStubImpl()
android.support.v4.view.accessibility.AccessibilityEventCompat$AccessibilityEventStubImpl: void appendRecord(android.view.accessibility.AccessibilityEvent,java.lang.Object)
android.support.v4.view.accessibility.AccessibilityEventCompat$AccessibilityEventStubImpl: java.lang.Object getRecord(android.view.accessibility.AccessibilityEvent,int)
android.support.v4.view.accessibility.AccessibilityEventCompat$AccessibilityEventStubImpl: int getRecordCount(android.view.accessibility.AccessibilityEvent)
android.support.v4.view.accessibility.AccessibilityEventCompat$AccessibilityEventVersionImpl
android.support.v4.view.accessibility.AccessibilityEventCompat$AccessibilityEventVersionImpl: int getRecordCount(android.view.accessibility.AccessibilityEvent)
android.support.v4.view.accessibility.AccessibilityEventCompat$AccessibilityEventVersionImpl: void appendRecord(android.view.accessibility.AccessibilityEvent,java.lang.Object)
android.support.v4.view.accessibility.AccessibilityEventCompat$AccessibilityEventVersionImpl: java.lang.Object getRecord(android.view.accessibility.AccessibilityEvent,int)
android.support.v4.view.accessibility.AccessibilityEventCompatIcs
android.support.v4.view.accessibility.AccessibilityEventCompatIcs: AccessibilityEventCompatIcs()
android.support.v4.view.accessibility.AccessibilityEventCompatIcs: int getRecordCount(android.view.accessibility.AccessibilityEvent)
android.support.v4.view.accessibility.AccessibilityEventCompatIcs: void appendRecord(android.view.accessibility.AccessibilityEvent,java.lang.Object)
android.support.v4.view.accessibility.AccessibilityEventCompatIcs: java.lang.Object getRecord(android.view.accessibility.AccessibilityEvent,int)
android.support.v4.view.accessibility.AccessibilityManagerCompat
android.support.v4.view.accessibility.AccessibilityManagerCompat: android.support.v4.view.accessibility.AccessibilityManagerCompat$AccessibilityManagerVersionImpl IMPL
android.support.v4.view.accessibility.AccessibilityManagerCompat: AccessibilityManagerCompat()
android.support.v4.view.accessibility.AccessibilityManagerCompat: boolean addAccessibilityStateChangeListener(android.view.accessibility.AccessibilityManager,android.support.v4.view.accessibility.AccessibilityManagerCompat$AccessibilityStateChangeListenerCompat)
android.support.v4.view.accessibility.AccessibilityManagerCompat: boolean removeAccessibilityStateChangeListener(android.view.accessibility.AccessibilityManager,android.support.v4.view.accessibility.AccessibilityManagerCompat$AccessibilityStateChangeListenerCompat)
android.support.v4.view.accessibility.AccessibilityManagerCompat: java.util.List getInstalledAccessibilityServiceList(android.view.accessibility.AccessibilityManager)
android.support.v4.view.accessibility.AccessibilityManagerCompat: java.util.List getEnabledAccessibilityServiceList(android.view.accessibility.AccessibilityManager,int)
android.support.v4.view.accessibility.AccessibilityManagerCompat: boolean isTouchExplorationEnabled(android.view.accessibility.AccessibilityManager)