proguard/mapping.txt
com.example.iphonereborn.R -> com.a.a.a:
com.example.iphonereborn.R$styleable -> com.a.a.b:
    int[] ActionBar -> ActionBar
    int ActionBar_background -> ActionBar_background
    int ActionBar_backgroundSplit -> ActionBar_backgroundSplit
    int ActionBar_backgroundStacked -> ActionBar_backgroundStacked
    int ActionBar_customNavigationLayout -> ActionBar_customNavigationLayout
    int ActionBar_displayOptions -> ActionBar_displayOptions
    int ActionBar_divider -> ActionBar_divider
    int ActionBar_height -> ActionBar_height
    int ActionBar_homeLayout -> ActionBar_homeLayout
    int ActionBar_icon -> ActionBar_icon
    int ActionBar_indeterminateProgressStyle -> ActionBar_indeterminateProgressStyle
    int ActionBar_itemPadding -> ActionBar_itemPadding
    int ActionBar_logo -> ActionBar_logo
    int ActionBar_navigationMode -> ActionBar_navigationMode
    int ActionBar_progressBarPadding -> ActionBar_progressBarPadding
    int ActionBar_progressBarStyle -> ActionBar_progressBarStyle
    int ActionBar_subtitle -> ActionBar_subtitle
    int ActionBar_subtitleTextStyle -> ActionBar_subtitleTextStyle
    int ActionBar_title -> ActionBar_title
    int ActionBar_titleTextStyle -> ActionBar_titleTextStyle
    int[] ActionBarLayout -> ActionBarLayout
    int ActionBarLayout_android_layout_gravity -> ActionBarLayout_android_layout_gravity
    int[] ActionBarWindow -> ActionBarWindow
    int ActionBarWindow_windowActionBar -> ActionBarWindow_windowActionBar
...
android.support.v4.app.NotificationManagerCompat$ServiceConnectedEvent -> android.support.v4.app.NotificationManagerCompat$ServiceConnectedEvent:
    android.content.ComponentName componentName -> componentName
    android.os.IBinder iBinder -> iBinder
android.support.v4.app.NotificationManagerCompat$SideChannelManager -> android.support.v4.app.NotificationManagerCompat$SideChannelManager:
    int MSG_QUEUE_TASK -> MSG_QUEUE_TASK
    int MSG_SERVICE_CONNECTED -> MSG_SERVICE_CONNECTED
    int MSG_SERVICE_DISCONNECTED -> MSG_SERVICE_DISCONNECTED
    int MSG_RETRY_LISTENER_QUEUE -> MSG_RETRY_LISTENER_QUEUE
    java.lang.String KEY_BINDER -> KEY_BINDER
    android.content.Context mContext -> mContext
    android.os.HandlerThread mHandlerThread -> mHandlerThread
    android.os.Handler mHandler -> mHandler
    java.util.Map mRecordMap -> mRecordMap
    java.util.Set mCachedEnabledPackages -> mCachedEnabledPackages
    void queueTask(android.support.v4.app.NotificationManagerCompat$Task) -> queueTask
    boolean handleMessage(android.os.Message) -> handleMessage
    void handleQueueTask(android.support.v4.app.NotificationManagerCompat$Task) -> handleQueueTask
    void handleServiceConnected(android.content.ComponentName,android.os.IBinder) -> handleServiceConnected
    void handleServiceDisconnected(android.content.ComponentName) -> handleServiceDisconnected
    void handleRetryListenerQueue(android.content.ComponentName) -> handleRetryListenerQueue
    void onServiceConnected(android.content.ComponentName,android.os.IBinder) -> onServiceConnected
    void onServiceDisconnected(android.content.ComponentName) -> onServiceDisconnected
    void updateListenerMap() -> updateListenerMap
android.support.v4.app.NotificationManagerCompat$SideChannelManager$ListenerRecord -> android.support.v4.app.NotificationManagerCompat$SideChannelManager$ListenerRecord:
    android.content.ComponentName componentName -> componentName
    boolean bound -> bound
    android.support.v4.app.INotificationSideChannel service -> service
    java.util.LinkedList taskQueue -> taskQueue
    int retryCount -> retryCount
android.support.v4.app.NotificationManagerCompat$Task -> android.support.v4.app.NotificationManagerCompat$Task:
    void send(android.support.v4.app.INotificationSideChannel) -> send
android.support.v4.app.NotificationManagerCompatEclair -> android.support.v4.app.NotificationManagerCompatEclair:
    void cancelNotification(android.app.NotificationManager,java.lang.String,int) -> cancelNotification
    void postNotification(android.app.NotificationManager,java.lang.String,int,android.app.Notification) -> postNotification
android.support.v4.app.NotificationManagerCompatIceCreamSandwich -> android.support.v4.app.NotificationManagerCompatIceCreamSandwich:
    int SIDE_CHANNEL_BIND_FLAGS -> SIDE_CHANNEL_BIND_FLAGS
android.support.v4.app.RemoteInput -> android.support.v4.app.RemoteInput:
    java.lang.String TAG -> TAG
    java.lang.String RESULTS_CLIP_LABEL -> RESULTS_CLIP_LABEL
    java.lang.String EXTRA_RESULTS_DATA -> EXTRA_RESULTS_DATA
    java.lang.String mResultKey -> mResultKey
    java.lang.CharSequence mLabel -> mLabel
    java.lang.CharSequence[] mChoices -> mChoices
    boolean mAllowFreeFormInput -> mAllowFreeFormInput
    android.os.Bundle mExtras -> mExtras
    android.support.v4.app.RemoteInput$Impl IMPL -> IMPL
    android.support.v4.app.RemoteInputCompatBase$RemoteInput$Factory FACTORY -> FACTORY
    java.lang.String getResultKey() -> getResultKey
    java.lang.CharSequence getLabel() -> getLabel
    java.lang.CharSequence[] getChoices() -> getChoices
    boolean getAllowFreeFormInput() -> getAllowFreeFormInput
    android.os.Bundle getExtras() -> getExtras
    android.os.Bundle getResultsFromIntent(android.content.Intent) -> getResultsFromIntent
    void addResultsToIntent(android.support.v4.app.RemoteInput[],android.content.Intent,android.os.Bundle) -> addResultsToIntent