proguard/usage.txt
com.example.iphonereborn.BuildConfig
com.example.iphonereborn.R:
    10:10:public R()
com.example.iphonereborn.R$anim
com.example.iphonereborn.R$array
com.example.iphonereborn.R$attr
com.example.iphonereborn.R$bool
com.example.iphonereborn.R$color
com.example.iphonereborn.R$dimen
com.example.iphonereborn.R$drawable
com.example.iphonereborn.R$id
com.example.iphonereborn.R$integer
com.example.iphonereborn.R$layout
com.example.iphonereborn.R$menu
com.example.iphonereborn.R$string
com.example.iphonereborn.R$style
com.example.iphonereborn.R$styleable:
    2572:2572:public R$styleable()
...
com.google.gson.internal.LinkedHashTreeMap$1
com.google.gson.internal.LinkedHashTreeMap$AvlBuilder
com.google.gson.internal.LinkedHashTreeMap$AvlIterator
com.google.gson.internal.LinkedHashTreeMap$EntrySet
com.google.gson.internal.LinkedHashTreeMap$EntrySet$1
com.google.gson.internal.LinkedHashTreeMap$KeySet
com.google.gson.internal.LinkedHashTreeMap$KeySet$1
com.google.gson.internal.LinkedHashTreeMap$LinkedTreeMapIterator
com.google.gson.internal.LinkedHashTreeMap$Node
com.google.gson.internal.LinkedTreeMap:
    625:625:private java.lang.Object writeReplace()
com.google.gson.internal.Primitives:
    32:32:private Primitives()
    80:80:public static boolean isWrapperType(java.lang.reflect.Type)
    113:115:public static java.lang.Class unwrap(java.lang.Class)
com.google.gson.internal.Streams:
    35:80:public Streams()
    40:60:public static com.google.gson.JsonElement parse(com.google.gson.stream.JsonReader)
com.google.gson.internal.bind.JsonTreeReader:
    53:55:public JsonTreeReader(com.google.gson.JsonElement)
com.google.gson.internal.bind.JsonTreeWriter:
    163:167:public com.google.gson.stream.JsonWriter value(double)
com.google.gson.internal.bind.TypeAdapters:
    58:58:private TypeAdapters()
    765:765:public static com.google.gson.TypeAdapterFactory newFactory(com.google.gson.reflect.TypeToken,com.google.gson.TypeAdapter)
com.google.gson.internal.bind.TypeAdapters$23:
    private static final java.lang.String YEAR
    private static final java.lang.String MONTH
    private static final java.lang.String DAY_OF_MONTH
    private static final java.lang.String HOUR_OF_DAY
    private static final java.lang.String MINUTE
    private static final java.lang.String SECOND
com.google.gson.internal.bind.TypeAdapters$27
com.google.gson.stream.JsonReader:
    private static final long MIN_INCOMPLETE_INTEGER
    private static final int PEEKED_NONE
    private static final int PEEKED_BEGIN_OBJECT
    private static final int PEEKED_END_OBJECT
    private static final int PEEKED_BEGIN_ARRAY
    private static final int PEEKED_END_ARRAY
    private static final int PEEKED_TRUE
    private static final int PEEKED_FALSE
    private static final int PEEKED_NULL
    private static final int PEEKED_SINGLE_QUOTED
    private static final int PEEKED_DOUBLE_QUOTED
    private static final int PEEKED_UNQUOTED
    private static final int PEEKED_BUFFERED
    private static final int PEEKED_SINGLE_QUOTED_NAME
    private static final int PEEKED_DOUBLE_QUOTED_NAME
    private static final int PEEKED_UNQUOTED_NAME
    private static final int PEEKED_LONG
    private static final int PEEKED_NUMBER
    private static final int PEEKED_EOF
    private static final int NUMBER_CHAR_NONE
    private static final int NUMBER_CHAR_SIGN
    private static final int NUMBER_CHAR_DIGIT
    private static final int NUMBER_CHAR_DECIMAL
    private static final int NUMBER_CHAR_FRACTION_DIGIT
    private static final int NUMBER_CHAR_EXP_E
    private static final int NUMBER_CHAR_EXP_SIGN
    private static final int NUMBER_CHAR_EXP_DIGIT
com.google.gson.stream.JsonScope
com.google.gson.stream.JsonWriter:
    462:468:public com.google.gson.stream.JsonWriter value(double)
com.google.gson.stream.MalformedJsonException:
    private static final long serialVersionUID
    33:37:public MalformedJsonException(java.lang.String,java.lang.Throwable)
    39:43:public MalformedJsonException(java.lang.Throwable)
com.larphoid.overscrollinglistview.OverScrollView:
    static final int ANIMATED_SCROLL_GAP
    static final float MAX_SCROLL_FACTOR
    static final float OVERSHOOT_TENSION
    android.view.LayoutInflater inflater
    private static final int INVALID_POINTER
    395:395:public boolean isFillViewport()
    420:420:public boolean isSmoothScrollingEnabled()
    1184:1185:public final void smoothScrollToTop()
    1189:1190:public final void smoothScrollToBottom()
    1202:1203:public final void smoothScrollTo(int,int)